<?xml version="1.0" encoding="UTF-8"?>
<testsuite xmlns:xsi="http://www.w3.org/2001/XMLSchema-instance" xsi:noNamespaceSchemaLocation="https://maven.apache.org/surefire/maven-surefire-plugin/xsd/surefire-test-report.xsd" name="com.uminho.norte86.AppTest" time="0.029" tests="1" errors="0" skipped="0" failures="0">
  <properties>
    <property name="awt.toolkit" value="sun.awt.X11.XToolkit"/>
    <property name="java.specification.version" value="11"/>
    <property name="sun.cpu.isalist" value=""/>
    <property name="sun.jnu.encoding" value="UTF-8"/>
    <property name="java.class.path" value="/home/fbgoncalves/code/mosaic/scenarios/norte-86/code/guima-traffic/target/test-classes:/home/fbgoncalves/code/mosaic/scenarios/norte-86/code/guima-traffic/target/classes:/home/fbgoncalves/.m2/repository/junit/junit/4.11/junit-4.11.jar:/home/fbgoncalves/.m2/repository/org/hamcrest/hamcrest-core/1.3/hamcrest-core-1.3.jar:/home/fbgoncalves/.m2/repository/org/eclipse/mosaic/mosaic-application/22.0/mosaic-application-22.0.jar:/home/fbgoncalves/.m2/repository/org/eclipse/mosaic/mosaic-rti-api/22.0/mosaic-rti-api-22.0.jar:/home/fbgoncalves/.m2/repository/org/slf4j/slf4j-api/1.7.30/slf4j-api-1.7.30.jar:/home/fbgoncalves/.m2/repository/com/github/stephenc/findbugs/findbugs-annotations/1.3.9-1/findbugs-annotations-1.3.9-1.jar:/home/fbgoncalves/.m2/repository/com/google/code/gson/gson/2.8.6/gson-2.8.6.jar:/home/fbgoncalves/.m2/repository/com/google/guava/guava/28.2-jre/guava-28.2-jre.jar:/home/fbgoncalves/.m2/repository/com/google/code/findbugs/jsr305/3.0.2/jsr305-3.0.2.jar:/home/fbgoncalves/.m2/repository/org/apache/commons/commons-lang3/3.9/commons-lang3-3.9.jar:/home/fbgoncalves/.m2/repository/org/eclipse/mosaic/mosaic-docker/22.0/mosaic-docker-22.0.jar:/home/fbgoncalves/.m2/repository/commons-io/commons-io/2.6/commons-io-2.6.jar:/home/fbgoncalves/.m2/repository/org/eclipse/mosaic/mosaic-geomath/22.0/mosaic-geomath-22.0.jar:/home/fbgoncalves/.m2/repository/org/eclipse/mosaic/mosaic-utils/22.0/mosaic-utils-22.0.jar:/home/fbgoncalves/.m2/repository/org/apache/commons/commons-configuration2/2.5/commons-configuration2-2.5.jar:/home/fbgoncalves/.m2/repository/org/apache/commons/commons-text/1.6/commons-text-1.6.jar:/home/fbgoncalves/.m2/repository/commons-logging/commons-logging/1.2/commons-logging-1.2.jar:/home/fbgoncalves/.m2/repository/commons-jxpath/commons-jxpath/1.3/commons-jxpath-1.3.jar:/home/fbgoncalves/.m2/repository/commons-cli/commons-cli/1.4/commons-cli-1.4.jar:/home/fbgoncalves/.m2/repository/org/leadpony/justify/justify/1.1.0/justify-1.1.0.jar:/home/fbgoncalves/.m2/repository/jakarta/json/jakarta.json-api/1.1.5/jakarta.json-api-1.1.5.jar:/home/fbgoncalves/.m2/repository/org/apache/johnzon/johnzon-core/1.1.13/johnzon-core-1.1.13.jar:/home/fbgoncalves/.m2/repository/org/eclipse/mosaic/mosaic-objects/22.0/mosaic-objects-22.0.jar:/home/fbgoncalves/.m2/repository/org/eclipse/mosaic/mosaic-interactions/22.0/mosaic-interactions-22.0.jar:/home/fbgoncalves/.m2/repository/org/eclipse/mosaic/mosaic-routing/22.0/mosaic-routing-22.0.jar:/home/fbgoncalves/.m2/repository/org/eclipse/mosaic/mosaic-database/22.0/mosaic-database-22.0.jar:/home/fbgoncalves/.m2/repository/org/xerial/sqlite-jdbc/3.20.0/sqlite-jdbc-3.20.0.jar:/home/fbgoncalves/.m2/repository/com/graphhopper/graphhopper-core/0.13.0/graphhopper-core-0.13.0.jar:/home/fbgoncalves/.m2/repository/com/graphhopper/graphhopper-api/0.13.0/graphhopper-api-0.13.0.jar:/home/fbgoncalves/.m2/repository/com/carrotsearch/hppc/0.8.1/hppc-0.8.1.jar:/home/fbgoncalves/.m2/repository/ch/qos/logback/logback-classic/1.2.3/logback-classic-1.2.3.jar:/home/fbgoncalves/.m2/repository/ch/qos/logback/logback-core/1.2.3/logback-core-1.2.3.jar:"/>
    <property name="java.vm.vendor" value="Ubuntu"/>
    <property name="sun.arch.data.model" value="64"/>
    <property name="java.vendor.url" value="https://ubuntu.com/"/>
    <property name="user.timezone" value=""/>
    <property name="java.vm.specification.version" value="11"/>
    <property name="os.name" value="Linux"/>
    <property name="sun.java.launcher" value="SUN_STANDARD"/>
    <property name="sun.boot.library.path" value="/usr/lib/jvm/java-11-openjdk-amd64/lib"/>
    <property name="sun.java.command" value="/home/fbgoncalves/code/mosaic/scenarios/norte-86/code/guima-traffic/target/surefire/surefirebooter12695651166935249362.jar /home/fbgoncalves/code/mosaic/scenarios/norte-86/code/guima-traffic/target/surefire 2023-03-14T11-20-37_734-jvmRun1 surefire7613803830111845984tmp surefire_0756720892224858950tmp"/>
    <property name="jdk.debug" value="release"/>
    <property name="surefire.test.class.path" value="/home/fbgoncalves/code/mosaic/scenarios/norte-86/code/guima-traffic/target/test-classes:/home/fbgoncalves/code/mosaic/scenarios/norte-86/code/guima-traffic/target/classes:/home/fbgoncalves/.m2/repository/junit/junit/4.11/junit-4.11.jar:/home/fbgoncalves/.m2/repository/org/hamcrest/hamcrest-core/1.3/hamcrest-core-1.3.jar:/home/fbgoncalves/.m2/repository/org/eclipse/mosaic/mosaic-application/22.0/mosaic-application-22.0.jar:/home/fbgoncalves/.m2/repository/org/eclipse/mosaic/mosaic-rti-api/22.0/mosaic-rti-api-22.0.jar:/home/fbgoncalves/.m2/repository/org/slf4j/slf4j-api/1.7.30/slf4j-api-1.7.30.jar:/home/fbgoncalves/.m2/repository/com/github/stephenc/findbugs/findbugs-annotations/1.3.9-1/findbugs-annotations-1.3.9-1.jar:/home/fbgoncalves/.m2/repository/com/google/code/gson/gson/2.8.6/gson-2.8.6.jar:/home/fbgoncalves/.m2/repository/com/google/guava/guava/28.2-jre/guava-28.2-jre.jar:/home/fbgoncalves/.m2/repository/com/google/code/findbugs/jsr305/3.0.2/jsr305-3.0.2.jar:/home/fbgoncalves/.m2/repository/org/apache/commons/commons-lang3/3.9/commons-lang3-3.9.jar:/home/fbgoncalves/.m2/repository/org/eclipse/mosaic/mosaic-docker/22.0/mosaic-docker-22.0.jar:/home/fbgoncalves/.m2/repository/commons-io/commons-io/2.6/commons-io-2.6.jar:/home/fbgoncalves/.m2/repository/org/eclipse/mosaic/mosaic-geomath/22.0/mosaic-geomath-22.0.jar:/home/fbgoncalves/.m2/repository/org/eclipse/mosaic/mosaic-utils/22.0/mosaic-utils-22.0.jar:/home/fbgoncalves/.m2/repository/org/apache/commons/commons-configuration2/2.5/commons-configuration2-2.5.jar:/home/fbgoncalves/.m2/repository/org/apache/commons/commons-text/1.6/commons-text-1.6.jar:/home/fbgoncalves/.m2/repository/commons-logging/commons-logging/1.2/commons-logging-1.2.jar:/home/fbgoncalves/.m2/repository/commons-jxpath/commons-jxpath/1.3/commons-jxpath-1.3.jar:/home/fbgoncalves/.m2/repository/commons-cli/commons-cli/1.4/commons-cli-1.4.jar:/home/fbgoncalves/.m2/repository/org/leadpony/justify/justify/1.1.0/justify-1.1.0.jar:/home/fbgoncalves/.m2/repository/jakarta/json/jakarta.json-api/1.1.5/jakarta.json-api-1.1.5.jar:/home/fbgoncalves/.m2/repository/org/apache/johnzon/johnzon-core/1.1.13/johnzon-core-1.1.13.jar:/home/fbgoncalves/.m2/repository/org/eclipse/mosaic/mosaic-objects/22.0/mosaic-objects-22.0.jar:/home/fbgoncalves/.m2/repository/org/eclipse/mosaic/mosaic-interactions/22.0/mosaic-interactions-22.0.jar:/home/fbgoncalves/.m2/repository/org/eclipse/mosaic/mosaic-routing/22.0/mosaic-routing-22.0.jar:/home/fbgoncalves/.m2/repository/org/eclipse/mosaic/mosaic-database/22.0/mosaic-database-22.0.jar:/home/fbgoncalves/.m2/repository/org/xerial/sqlite-jdbc/3.20.0/sqlite-jdbc-3.20.0.jar:/home/fbgoncalves/.m2/repository/com/graphhopper/graphhopper-core/0.13.0/graphhopper-core-0.13.0.jar:/home/fbgoncalves/.m2/repository/com/graphhopper/graphhopper-api/0.13.0/graphhopper-api-0.13.0.jar:/home/fbgoncalves/.m2/repository/com/carrotsearch/hppc/0.8.1/hppc-0.8.1.jar:/home/fbgoncalves/.m2/repository/ch/qos/logback/logback-classic/1.2.3/logback-classic-1.2.3.jar:/home/fbgoncalves/.m2/repository/ch/qos/logback/logback-core/1.2.3/logback-core-1.2.3.jar:"/>
    <property name="sun.cpu.endian" value="little"/>
    <property name="user.home" value="/home/fbgoncalves"/>
    <property name="user.language" value="en"/>
    <property name="java.specification.vendor" value="Oracle Corporation"/>
    <property name="java.version.date" value="2022-10-18"/>
    <property name="java.home" value="/usr/lib/jvm/java-11-openjdk-amd64"/>
    <property name="file.separator" value="/"/>
    <property name="basedir" value="/home/fbgoncalves/code/mosaic/scenarios/norte-86/code/guima-traffic"/>
    <property name="java.vm.compressedOopsMode" value="Zero based"/>
    <property name="line.separator" value="&#10;"/>
    <property name="java.specification.name" value="Java Platform API Specification"/>
    <property name="java.vm.specification.vendor" value="Oracle Corporation"/>
    <property name="java.awt.graphicsenv" value="sun.awt.X11GraphicsEnvironment"/>
    <property name="surefire.real.class.path" value="/home/fbgoncalves/code/mosaic/scenarios/norte-86/code/guima-traffic/target/surefire/surefirebooter12695651166935249362.jar"/>
    <property name="sun.management.compiler" value="HotSpot 64-Bit Tiered Compilers"/>
    <property name="java.runtime.version" value="11.0.17+8-post-Ubuntu-1ubuntu222.04"/>
    <property name="user.name" value="fbgoncalves"/>
    <property name="path.separator" value=":"/>
    <property name="os.version" value="5.15.90.1-microsoft-standard-WSL2"/>
    <property name="java.runtime.name" value="OpenJDK Runtime Environment"/>
    <property name="file.encoding" value="UTF-8"/>
    <property name="java.vm.name" value="OpenJDK 64-Bit Server VM"/>
    <property name="localRepository" value="/home/fbgoncalves/.m2/repository"/>
    <property name="java.vendor.url.bug" value="https://bugs.launchpad.net/ubuntu/+source/openjdk-lts"/>
    <property name="java.io.tmpdir" value="/tmp"/>
    <property name="java.version" value="11.0.17"/>
    <property name="user.dir" value="/home/fbgoncalves/code/mosaic/scenarios/norte-86/code/guima-traffic"/>
    <property name="os.arch" value="amd64"/>
    <property name="java.vm.specification.name" value="Java Virtual Machine Specification"/>
    <property name="java.awt.printerjob" value="sun.print.PSPrinterJob"/>
    <property name="sun.os.patch.level" value="unknown"/>
    <property name="java.library.path" value="/usr/java/packages/lib:/usr/lib/x86_64-linux-gnu/jni:/lib/x86_64-linux-gnu:/usr/lib/x86_64-linux-gnu:/usr/lib/jni:/lib:/usr/lib"/>
    <property name="java.vm.info" value="mixed mode, sharing"/>
    <property name="java.vendor" value="Ubuntu"/>
    <property name="java.vm.version" value="11.0.17+8-post-Ubuntu-1ubuntu222.04"/>
    <property name="sun.io.unicode.encoding" value="UnicodeLittle"/>
    <property name="java.class.version" value="55.0"/>
  </properties>
  <testcase name="shouldAnswerWithTrue" classname="com.uminho.norte86.AppTest" time="0.002"/>
</testsuite>